0 info it worked if it ends with ok
1 verbose cli [ '/usr/local/Cellar/node/6.2.2/bin/node',
1 verbose cli   '/usr/local/bin/npm',
1 verbose cli   'run',
1 verbose cli   'gulp-default' ]
2 info using npm@3.10.2
3 info using node@v6.2.2
4 verbose run-script [ 'pregulp-default', 'gulp-default', 'postgulp-default' ]
5 info lifecycle angularjs-component-test01@1.0.0~pregulp-default: angularjs-component-test01@1.0.0
6 silly lifecycle angularjs-component-test01@1.0.0~pregulp-default: no script for pregulp-default, continuing
7 info lifecycle angularjs-component-test01@1.0.0~gulp-default: angularjs-component-test01@1.0.0
8 verbose lifecycle angularjs-component-test01@1.0.0~gulp-default: unsafe-perm in lifecycle true
9 verbose lifecycle angularjs-component-test01@1.0.0~gulp-default: PATH: /usr/local/lib/node_modules/npm/bin/node-gyp-bin:/Users/samuel/Documents/Picktrace/sam-dev/angularjs-component-test01/node_modules/.bin:/usr/local/Cellar/node/6.2.2/bin:~/Library/Android/sdk/platform-tools:/usr/local/bin:/usr/local/sbin:/usr/bin:/bin:/usr/sbin:/sbin
10 verbose lifecycle angularjs-component-test01@1.0.0~gulp-default: CWD: /Users/samuel/Documents/Picktrace/sam-dev/angularjs-component-test01
11 silly lifecycle angularjs-component-test01@1.0.0~gulp-default: Args: [ '-c', 'gulp' ]
12 silly lifecycle angularjs-component-test01@1.0.0~gulp-default: Returned: code: 1  signal: null
13 info lifecycle angularjs-component-test01@1.0.0~gulp-default: Failed to exec gulp-default script
14 verbose stack Error: angularjs-component-test01@1.0.0 gulp-default: `gulp`
14 verbose stack Exit status 1
14 verbose stack     at EventEmitter.<anonymous> (/usr/local/lib/node_modules/npm/lib/utils/lifecycle.js:242:16)
14 verbose stack     at emitTwo (events.js:106:13)
14 verbose stack     at EventEmitter.emit (events.js:191:7)
14 verbose stack     at ChildProcess.<anonymous> (/usr/local/lib/node_modules/npm/lib/utils/spawn.js:40:14)
14 verbose stack     at emitTwo (events.js:106:13)
14 verbose stack     at ChildProcess.emit (events.js:191:7)
14 verbose stack     at maybeClose (internal/child_process.js:852:16)
14 verbose stack     at Process.ChildProcess._handle.onexit (internal/child_process.js:215:5)
15 verbose pkgid angularjs-component-test01@1.0.0
16 verbose cwd /Users/samuel/Documents/Picktrace/sam-dev/angularjs-component-test01
17 error Darwin 15.6.0
18 error argv "/usr/local/Cellar/node/6.2.2/bin/node" "/usr/local/bin/npm" "run" "gulp-default"
19 error node v6.2.2
20 error npm  v3.10.2
21 error code ELIFECYCLE
22 error angularjs-component-test01@1.0.0 gulp-default: `gulp`
22 error Exit status 1
23 error Failed at the angularjs-component-test01@1.0.0 gulp-default script 'gulp'.
23 error Make sure you have the latest version of node.js and npm installed.
23 error If you do, this is most likely a problem with the angularjs-component-test01 package,
23 error not with npm itself.
23 error Tell the author that this fails on your system:
23 error     gulp
23 error You can get information on how to open an issue for this project with:
23 error     npm bugs angularjs-component-test01
23 error Or if that isn't available, you can get their info via:
23 error     npm owner ls angularjs-component-test01
23 error There is likely additional logging output above.
24 verbose exit [ 1, true ]
